2022-09-23 05:47:21,459 INFO [restartedMain] org.springframework.boot.logging.DeferredLog: Devtools property defaults active! Set 'spring.devtools.add-properties' to 'false' to disable
2022-09-23 05:47:22,248 INFO [restartedMain] org.springframework.boot.SpringApplication: No active profile set, falling back to 1 default profile: "default"
2022-09-23 05:47:23,113 INFO [restartedMain] org.springframework.data.repository.config.RepositoryConfigurationDelegate: Bootstrapping Spring Data JPA repositories in DEFAULT mode.
2022-09-23 05:47:23,167 INFO [restartedMain] org.springframework.data.repository.config.RepositoryConfigurationDelegate: Finished Spring Data repository scanning in 42 ms. Found 2 JPA repository interfaces.
2022-09-23 05:47:23,333 INFO [restartedMain] org.springframework.cloud.context.scope.GenericScope: BeanFactory id=34bef821-2865-3b82-b516-fa334281b851
2022-09-23 05:47:24,234 INFO [restartedMain] org.springframework.boot.web.embedded.tomcat.TomcatWebServer: Tomcat initialized with port(s): 8088 (http)
2022-09-23 05:47:24,253 INFO [restartedMain] org.apache.juli.logging.DirectJDKLog: Initializing ProtocolHandler ["http-nio-8088"]
2022-09-23 05:47:24,253 INFO [restartedMain] org.apache.juli.logging.DirectJDKLog: Starting service [Tomcat]
2022-09-23 05:47:24,254 INFO [restartedMain] org.apache.juli.logging.DirectJDKLog: Starting Servlet engine: [Apache Tomcat/9.0.65]
2022-09-23 05:47:24,382 INFO [restartedMain] org.apache.juli.logging.DirectJDKLog: Initializing Spring embedded WebApplicationContext
2022-09-23 05:47:24,383 INFO [restartedMain] org.springframework.boot.web.servlet.context.ServletWebServerApplicationContext: Root WebApplicationContext: initialization completed in 2123 ms
2022-09-23 05:47:24,725 INFO [restartedMain] com.zaxxer.hikari.HikariDataSource: HikariPool-1 - Starting...
2022-09-23 05:47:24,964 INFO [restartedMain] com.zaxxer.hikari.HikariDataSource: HikariPool-1 - Start completed.
2022-09-23 05:47:25,062 INFO [restartedMain] org.hibernate.jpa.internal.util.LogHelper: HHH000204: Processing PersistenceUnitInfo [name: default]
2022-09-23 05:47:25,111 INFO [restartedMain] org.hibernate.Version: HHH000412: Hibernate ORM core version 5.6.11.Final
2022-09-23 05:47:25,262 INFO [restartedMain] org.hibernate.annotations.common.reflection.java.JavaReflectionManager: HCANN000001: Hibernate Commons Annotations {5.1.2.Final}
2022-09-23 05:47:25,383 INFO [restartedMain] org.hibernate.dialect.Dialect: HHH000400: Using dialect: org.hibernate.dialect.PostgreSQL10Dialect
2022-09-23 05:47:25,991 INFO [restartedMain] org.hibernate.engine.transaction.jta.platform.internal.JtaPlatformInitiator: HHH000490: Using JtaPlatform implementation: [org.hibernate.engine.transaction.jta.platform.internal.NoJtaPlatform]
2022-09-23 05:47:26,002 INFO [restartedMain] org.springframework.orm.jpa.AbstractEntityManagerFactoryBean: Initialized JPA EntityManagerFactory for persistence unit 'default'
2022-09-23 05:47:26,439 WARN [restartedMain] org.springframework.boot.autoconfigure.orm.jpa.JpaBaseConfiguration$JpaWebConfiguration: spring.jpa.open-in-view is enabled by default. Therefore, database queries may be performed during view rendering. Explicitly configure spring.jpa.open-in-view to disable this warning
2022-09-23 05:47:26,897 INFO [restartedMain] org.springframework.boot.devtools.autoconfigure.OptionalLiveReloadServer: LiveReload server is running on port 35729
2022-09-23 05:47:27,713 INFO [restartedMain] org.springframework.boot.actuate.endpoint.web.EndpointLinksResolver: Exposing 15 endpoint(s) beneath base path '/actuator'
2022-09-23 05:47:27,747 INFO [restartedMain] org.apache.juli.logging.DirectJDKLog: Starting ProtocolHandler ["http-nio-8088"]
2022-09-23 05:47:27,766 INFO [restartedMain] org.springframework.boot.web.embedded.tomcat.TomcatWebServer: Tomcat started on port(s): 8088 (http) with context path ''
2022-09-23 05:47:28,455 INFO [restartedMain] org.springframework.boot.StartupInfoLogger: Started ProductApplication in 8.077 seconds (JVM running for 9.231)
2022-09-23 05:47:38,065 INFO [http-nio-8088-exec-2] org.apache.juli.logging.DirectJDKLog: Initializing Spring DispatcherServlet 'dispatcherServlet'
2022-09-23 05:47:38,066 INFO [http-nio-8088-exec-2] org.springframework.web.servlet.FrameworkServlet: Initializing Servlet 'dispatcherServlet'
2022-09-23 05:47:38,067 INFO [http-nio-8088-exec-2] org.springframework.web.servlet.FrameworkServlet: Completed initialization in 1 ms
